#
# A fatal error has been detected by the Java Runtime Environment:
#
#  EXCEPTION_ACCESS_VIOLATION (0xc0000005) at pc=0x0000000180005b00, pid=20240, tid=0x00000000000051f4
#
# JRE version: OpenJDK Runtime Environment (8.0_302-b08) (build 1.8.0_302-b08)
# Java VM: OpenJDK 64-Bit Server VM (25.302-b08 mixed mode windows-amd64 compressed oops)
# Problematic frame:
# C  [rxtxSerial.dll+0x5b00]
#
# Failed to write core dump. Minidumps are not enabled by default on client versions of Windows
#
# If you would like to submit a bug report, please visit:
#   https://github.com/adoptium/adoptium-support/issues
# The crash happened outside the Java Virtual Machine in native code.
# See problematic frame for where to report the bug.
#

---------------  T H R E A D  ---------------

Current thread (0x00000237fe3fd000):  JavaThread "Thread-0" [_thread_in_native, id=20980, stack(0x0000007ec0f00000,0x0000007ec1000000)]

siginfo: ExceptionCode=0xc0000005, reading address 0xffffffffc0fff1e8

Registers:
RAX=0x0000000000000001, RBX=0x0000000000000000, RCX=0x000000018001d4d5, RDX=0xfffffffffffff665
RSP=0x0000007ec0ffe760, RBP=0x00000000ffffffff, RSI=0x0000000000000000, RDI=0x00000237fe3fd250
R8 =0x0000000000000002, R9 =0xfffffffffffff63c, R10=0x0000000000000006, R11=0x8101010101010100
R12=0xffffffffc0fff1e0, R13=0x0000000000000015, R14=0x0000007ec0ffe940, R15=0x0000000000000000
RIP=0x0000000180005b00, EFLAGS=0x0000000000010202

Top of Stack: (sp=0x0000007ec0ffe760)
0x0000007ec0ffe760:   0000000000000000 0000000000000000
0x0000007ec0ffe770:   0000007ec0ffe948 0000000000000000
0x0000007ec0ffe780:   0000000000000000 0000007ec0ffe940
0x0000007ec0ffe790:   00000237fb80c400 0000000000000001
0x0000007ec0ffe7a0:   00000237fe3fd250 0000000000000015
0x0000007ec0ffe7b0:   ffffffffffffffff 0000000180006211
0x0000007ec0ffe7c0:   00000237fe3f8d70 0000000000000015
0x0000007ec0ffe7d0:   0000000000000001 00000237fe3f8d70
0x0000007ec0ffe7e0:   0000023700000015 00000237ffffffff
0x0000007ec0ffe7f0:   0000007ec0ffe948 00000237fb80c400
0x0000007ec0ffe800:   00000237fe3fbc60 000000006d31a2f5
0x0000007ec0ffe810:   0000007ec0ffee40 00000237fe3fd000
0x0000007ec0ffe820:   00000237fb80c408 000000006d38ab53
0x0000007ec0ffe830:   00000237fb80c408 000083e562e53096
0x0000007ec0ffe840:   00000237fb80c408 00000237fb80c400
0x0000007ec0ffe850:   00000237fe3fd000 0000007ec0ffe948 

Instructions: (pc=0x0000000180005b00)
0x0000000180005ae0:   15 23 7a 01 00 48 8d 48 60 e8 3a 5d 00 00 4c 8b
0x0000000180005af0:   e5 8b ac 24 88 00 00 00 44 8b ac 24 80 00 00 00
0x0000000180005b00:   45 8b 74 24 08 41 89 5c 24 08 41 8b fd 85 ed 78
0x0000000180005b10:   09 ff 15 e9 14 01 00 44 8b f8 45 85 ed 7e 4a 90 


Register to memory mapping:

RAX=0x0000000000000001 is an unknown value
RBX=0x0000000000000000 is an unknown value
RCX=0x000000018001d4d5 is an unknown value
RDX=0xfffffffffffff665 is an unknown value
RSP=0x0000007ec0ffe760 is pointing into the stack for thread: 0x00000237fe3fd000
RBP=0x00000000ffffffff is an unknown value
RSI=0x0000000000000000 is an unknown value
RDI=0x00000237fe3fd250 is an unknown value
R8 =0x0000000000000002 is an unknown value
R9 =0xfffffffffffff63c is an unknown value
R10=0x0000000000000006 is an unknown value
R11=0x8101010101010100 is an unknown value
R12=0xffffffffc0fff1e0 is an unknown value
R13=0x0000000000000015 is an unknown value
R14=0x0000007ec0ffe940 is pointing into the stack for thread: 0x00000237fe3fd000
R15=0x0000000000000000 is an unknown value


Stack: [0x0000007ec0f00000,0x0000007ec1000000],  sp=0x0000007ec0ffe760,  free space=1017k
Native frames: (J=compiled Java code, j=interpreted, Vv=VM code, C=native code)
C  [rxtxSerial.dll+0x5b00]
C  [rxtxSerial.dll+0x6211]
C  0x00000237e9509c8e

Java frames: (J=compiled Java code, j=interpreted, Vv=VM code)
j  gnu.io.RXTXPort.readArray([BII)I+0
j  gnu.io.RXTXPort$SerialInputStream.read([BII)I+212
j  gnu.io.RXTXPort$SerialInputStream.read([B)I+60
j  com.nle.serialport.SerialPortManager.readFromPort(Lgnu/io/SerialPort;)[B+34
j  com.nle.ZigbeeSensorData$1.serialEvent(Lgnu/io/SerialPortEvent;)V+50
j  gnu.io.RXTXPort.sendEvent(IZ)Z+382
v  ~StubRoutines::call_stub
j  gnu.io.RXTXPort.eventLoop()V+0
j  gnu.io.RXTXPort$MonitorThread.run()V+12
v  ~StubRoutines::call_stub

---------------  P R O C E S S  ---------------

Java Threads: ( => current thread )
  0x00000237e785b000 JavaThread "DestroyJavaVM" [_thread_blocked, id=21360, stack(0x0000007ebf900000,0x0000007ebfa00000)]
=>0x00000237fe3fd000 JavaThread "Thread-0" [_thread_in_native, id=20980, stack(0x0000007ec0f00000,0x0000007ec1000000)]
  0x00000237fbefe800 JavaThread "Service Thread" daemon [_thread_blocked, id=22092, stack(0x0000007ec0d00000,0x0000007ec0e00000)]
  0x00000237fbefc000 JavaThread "C1 CompilerThread3" daemon [_thread_blocked, id=19516, stack(0x0000007ec0c00000,0x0000007ec0d00000)]
  0x00000237fbef6800 JavaThread "C2 CompilerThread2" daemon [_thread_blocked, id=8912, stack(0x0000007ec0b00000,0x0000007ec0c00000)]
  0x00000237fbef4000 JavaThread "C2 CompilerThread1" daemon [_thread_blocked, id=9460, stack(0x0000007ec0a00000,0x0000007ec0b00000)]
  0x00000237fbef8800 JavaThread "C2 CompilerThread0" daemon [_thread_blocked, id=14244, stack(0x0000007ec0900000,0x0000007ec0a00000)]
  0x00000237fbed9000 JavaThread "Attach Listener" daemon [_thread_blocked, id=19348, stack(0x0000007ec0800000,0x0000007ec0900000)]
  0x00000237fbec2800 JavaThread "Signal Dispatcher" daemon [_thread_blocked, id=11804, stack(0x0000007ec0700000,0x0000007ec0800000)]
  0x00000237fbe9b000 JavaThread "Finalizer" daemon [_thread_blocked, id=13408, stack(0x0000007ec0600000,0x0000007ec0700000)]
  0x00000237fbe92800 JavaThread "Reference Handler" daemon [_thread_blocked, id=13084, stack(0x0000007ec0500000,0x0000007ec0600000)]

Other Threads:
  0x00000237fbe69800 VMThread [stack: 0x0000007ec0400000,0x0000007ec0500000] [id=21728]
  0x00000237fe37c800 WatcherThread [stack: 0x0000007ec0e00000,0x0000007ec0f00000] [id=4236]

VM state:not at safepoint (normal execution)

VM Mutex/Monitor currently owned by a thread: None

heap address: 0x00000005c1e00000, size: 8162 MB, Compressed Oops mode: Zero based, Oop shift amount: 3
Narrow klass base: 0x0000000000000000, Narrow klass shift: 3
Compressed class space size: 1073741824 Address: 0x00000007c0000000

Heap:
 PSYoungGen      total 153088K, used 10527K [0x0000000715f80000, 0x0000000720a00000, 0x00000007c0000000)
  eden space 131584K, 8% used [0x0000000715f80000,0x00000007169c7c98,0x000000071e000000)
  from space 21504K, 0% used [0x000000071f500000,0x000000071f500000,0x0000000720a00000)
  to   space 21504K, 0% used [0x000000071e000000,0x000000071e000000,0x000000071f500000)
 ParOldGen       total 349696K, used 0K [0x00000005c1e00000, 0x00000005d7380000, 0x0000000715f80000)
  object space 349696K, 0% used [0x00000005c1e00000,0x00000005c1e00000,0x00000005d7380000)
 Metaspace       used 3176K, capacity 4664K, committed 4864K, reserved 1056768K
  class space    used 331K, capacity 424K, committed 512K, reserved 1048576K

Card table byte_map: [0x00000237f88b0000,0x00000237f98b0000] byte_map_base: 0x00000237f5aa1000

Marking Bits: (ParMarkBitMap*) 0x000000006da6c820
 Begin Bits: [0x0000023780000000, 0x0000023787f88000)
 End Bits:   [0x0000023787f88000, 0x000002378ff10000)

Polling page: 0x00000237e94c0000

CodeCache: size=245760Kb used=1289Kb max_used=1301Kb free=244470Kb
 bounds [0x00000237e94f0000, 0x00000237e9760000, 0x00000237f84f0000]
 total_blobs=352 nmethods=107 adapters=158
 compilation: enabled

Compilation events (10 events):
Event: 0.315 Thread 0x00000237fbefc000 nmethod 102 0x00000237e9630650 code [0x00000237e9630800, 0x00000237e9630cc0]
Event: 0.315 Thread 0x00000237fbefc000  103       3       java.lang.ref.Reference::<init> (25 bytes)
Event: 0.315 Thread 0x00000237fbefc000 nmethod 103 0x00000237e9630ed0 code [0x00000237e9631040, 0x00000237e9631298]
Event: 0.316 Thread 0x00000237fbefc000  104       3       java.util.concurrent.ConcurrentHashMap::setTabAt (19 bytes)
Event: 0.316 Thread 0x00000237fbefc000 nmethod 104 0x00000237e9631750 code [0x00000237e96318a0, 0x00000237e9631a18]
Event: 0.316 Thread 0x00000237fbefc000  106       3       java.io.WinNTFileSystem::isLetter (30 bytes)
Event: 0.316 Thread 0x00000237fbefc000 nmethod 106 0x00000237e9631a90 code [0x00000237e9631c00, 0x00000237e9631e58]
Event: 0.316 Thread 0x00000237fbefc000  107       3       java.util.zip.ZStreamRef::address (5 bytes)
Event: 0.316 Thread 0x00000237fbefc000 nmethod 107 0x00000237e9631ed0 code [0x00000237e9632020, 0x00000237e9632178]
Event: 0.317 Thread 0x00000237fbef6800 nmethod 101 0x00000237e96353d0 code [0x00000237e9635520, 0x00000237e9635ac8]

GC Heap History (0 events):
No events

Deoptimization events (0 events):
No events

Classes redefined (0 events):
No events

Internal exceptions (4 events):
Event: 0.023 Thread 0x00000237e785b000 Exception <a 'java/lang/NoSuchMethodError': Method sun.misc.Unsafe.defineClass(Ljava/lang/String;[BII)Ljava/lang/Class; name or signature does not match> (0x0000000715f87cc0) thrown at [J:\jenkins\tmp\workspace\build\src\hotspot\src\share\vm\prims\jni.cpp
Event: 0.023 Thread 0x00000237e785b000 Exception <a 'java/lang/NoSuchMethodError': Method sun.misc.Unsafe.prefetchRead(Ljava/lang/Object;J)V name or signature does not match> (0x0000000715f87fa8) thrown at [J:\jenkins\tmp\workspace\build\src\hotspot\src\share\vm\prims\jni.cpp, line 4014]
Event: 0.103 Thread 0x00000237e785b000 Exception <a 'java/io/FileNotFoundException'> (0x00000007160c1380) thrown at [J:\jenkins\tmp\workspace\build\src\hotspot\src\share\vm\prims\jni.cpp, line 711]
Event: 0.305 Thread 0x00000237e785b000 Exception <a 'java/io/FileNotFoundException'> (0x00000007160d7eb8) thrown at [J:\jenkins\tmp\workspace\build\src\hotspot\src\share\vm\prims\jni.cpp, line 711]

Events (10 events):
Event: 0.316 loading class com/nle/ZigbeeSensorData$1
Event: 0.316 loading class com/nle/ZigbeeSensorData$1 done
Event: 3.330 Thread 0x00000237e785b000 Thread exited: 0x00000237e785b000
Event: 3.330 Thread 0x00000237e785b000 Thread added: 0x00000237e785b000
Event: 4.105 Executing VM operation: EnableBiasedLocking
Event: 4.105 Executing VM operation: EnableBiasedLocking done
Event: 29.127 loading class gnu/io/SerialPortEvent
Event: 29.127 loading class gnu/io/SerialPortEvent done
Event: 29.128 loading class java/util/EventObject
Event: 29.128 loading class java/util/EventObject done


Dynamic libraries:
0x00007ff758430000 - 0x00007ff75846a000 	C:\Program Files\Eclipse Foundation\jdk-8.0.302.8-hotspot\bin\javaw.exe
0x00007ffbbe290000 - 0x00007ffbbe485000 	C:\Windows\SYSTEM32\ntdll.dll
0x00007ffbbc350000 - 0x00007ffbbc40e000 	C:\Windows\System32\KERNEL32.DLL
0x00007ffbbc020000 - 0x00007ffbbc2e8000 	C:\Windows\System32\KERNELBASE.dll
0x00007ffbbd750000 - 0x00007ffbbd7fe000 	C:\Windows\System32\ADVAPI32.dll
0x00007ffbbce30000 - 0x00007ffbbcece000 	C:\Windows\System32\msvcrt.dll
0x00007ffbbe1b0000 - 0x00007ffbbe24c000 	C:\Windows\System32\sechost.dll
0x00007ffbbe080000 - 0x00007ffbbe1a5000 	C:\Windows\System32\RPCRT4.dll
0x00007ffbbc420000 - 0x00007ffbbc5c0000 	C:\Windows\System32\USER32.dll
0x00007ffbbbc50000 - 0x00007ffbbbc72000 	C:\Windows\System32\win32u.dll
0x00007ffbbca30000 - 0x00007ffbbca5a000 	C:\Windows\System32\GDI32.dll
0x00007ffbbbc80000 - 0x00007ffbbbd8b000 	C:\Windows\System32\gdi32full.dll
0x00007ffbbb9b0000 - 0x00007ffbbba4d000 	C:\Windows\System32\msvcp_win.dll
0x00007ffbbbb50000 - 0x00007ffbbbc50000 	C:\Windows\System32\ucrtbase.dll
0x00007ffba76c0000 - 0x00007ffba795a000 	C:\Windows\WinSxS\amd64_microsoft.windows.common-controls_6595b64144ccf1df_6.0.19041.1110_none_60b5254171f9507e\COMCTL32.dll
0x00007ffbbd820000 - 0x00007ffbbd850000 	C:\Windows\System32\IMM32.DLL
0x00007ffb78e90000 - 0x00007ffb78f7f000 	C:\Program Files\Eclipse Foundation\jdk-8.0.302.8-hotspot\jre\bin\msvcr120.dll
0x00007ffb7d7e0000 - 0x00007ffb7d886000 	C:\Program Files\Eclipse Foundation\jdk-8.0.302.8-hotspot\jre\bin\msvcp120.dll
0x000000006d280000 - 0x000000006daeb000 	C:\Program Files\Eclipse Foundation\jdk-8.0.302.8-hotspot\jre\bin\server\jvm.dll
0x00007ffbbcc10000 - 0x00007ffbbcc18000 	C:\Windows\System32\PSAPI.DLL
0x00007ffba45d0000 - 0x00007ffba45d9000 	C:\Windows\SYSTEM32\WSOCK32.dll
0x00007ffbbcc90000 - 0x00007ffbbccfb000 	C:\Windows\System32\WS2_32.dll
0x00007ffbb4af0000 - 0x00007ffbb4afa000 	C:\Windows\SYSTEM32\VERSION.dll
0x00007ffba6130000 - 0x00007ffba6157000 	C:\Windows\SYSTEM32\WINMM.dll
0x00007ffba45c0000 - 0x00007ffba45cf000 	C:\Program Files\Eclipse Foundation\jdk-8.0.302.8-hotspot\jre\bin\verify.dll
0x00007ffb8ad10000 - 0x00007ffb8ad39000 	C:\Program Files\Eclipse Foundation\jdk-8.0.302.8-hotspot\jre\bin\java.dll
0x00007ffb994f0000 - 0x00007ffb99506000 	C:\Program Files\Eclipse Foundation\jdk-8.0.302.8-hotspot\jre\bin\zip.dll
0x00007ffbbced0000 - 0x00007ffbbd614000 	C:\Windows\System32\SHELL32.dll
0x00007ffbb96d0000 - 0x00007ffbb9e64000 	C:\Windows\SYSTEM32\windows.storage.dll
0x00007ffbbdd20000 - 0x00007ffbbe074000 	C:\Windows\System32\combase.dll
0x00007ffbbb340000 - 0x00007ffbbb36c000 	C:\Windows\SYSTEM32\Wldp.dll
0x00007ffbbdc70000 - 0x00007ffbbdd1d000 	C:\Windows\System32\SHCORE.dll
0x00007ffbbd970000 - 0x00007ffbbd9c5000 	C:\Windows\System32\shlwapi.dll
0x00007ffbbb8f0000 - 0x00007ffbbb90f000 	C:\Windows\SYSTEM32\profapi.dll
0x0000000180000000 - 0x0000000180025000 	C:\Program Files\Eclipse Foundation\jdk-8.0.302.8-hotspot\jre\bin\rxtxSerial.dll
0x00007ffbb9f40000 - 0x00007ffbba124000 	C:\Windows\SYSTEM32\dbghelp.dll
0x00007ffbbbac0000 - 0x00007ffbbbb42000 	C:\Windows\System32\bcryptPrimitives.dll

VM Arguments:
jvm_args: -Dfile.encoding=UTF-8 
java_command: com.haohanyh.hamos.Test
java_class_path (initial): C:\Program Files\Eclipse Foundation\jdk-8.0.302.8-hotspot\jre\lib\resources.jar;C:\Program Files\Eclipse Foundation\jdk-8.0.302.8-hotspot\jre\lib\rt.jar;C:\Program Files\Eclipse Foundation\jdk-8.0.302.8-hotspot\jre\lib\jsse.jar;C:\Program Files\Eclipse Foundation\jdk-8.0.302.8-hotspot\jre\lib\jce.jar;C:\Program Files\Eclipse Foundation\jdk-8.0.302.8-hotspot\jre\lib\charsets.jar;C:\Program Files\Eclipse Foundation\jdk-8.0.302.8-hotspot\jre\lib\jfr.jar;C:\Program Files\Eclipse Foundation\jdk-8.0.302.8-hotspot\jre\lib\ext\access-bridge-64.jar;C:\Program Files\Eclipse Foundation\jdk-8.0.302.8-hotspot\jre\lib\ext\cldrdata.jar;C:\Program Files\Eclipse Foundation\jdk-8.0.302.8-hotspot\jre\lib\ext\dnsns.jar;C:\Program Files\Eclipse Foundation\jdk-8.0.302.8-hotspot\jre\lib\ext\jaccess.jar;C:\Program Files\Eclipse Foundation\jdk-8.0.302.8-hotspot\jre\lib\ext\localedata.jar;C:\Program Files\Eclipse Foundation\jdk-8.0.302.8-hotspot\jre\lib\ext\nashorn.jar;C:\Program Files\Eclipse Foundation\jdk-8.0.302.8-hotspot\jre\lib\ext\sunec.jar;C:\Program Files\Eclipse Foundation\jdk-8.0.302.8-hotspot\jre\lib\ext\sunjce_provider.jar;C:\Program Files\Eclipse Foundation\jdk-8.0.302.8-hotspot\jre\lib\ext\sunmscapi.jar;C:\Program Files\Eclipse Foundation\jdk-8.0.302.8-hotspot\jre\lib\ext\sunpkcs11.jar;C:\Program Files\Eclipse Foundation\jdk-8.0.302.8-hotspot\jre\lib\ext\zipfs.jar;D:\1108lin.xyz\Downloads\Haohanyh-HAMOS-ProjectW1\Haohanyh-HAMOS-ProjectW1 JavaEclipse\Haohanyh\bin;D:\1108lin.xyz\Downloads\Haohanyh-HAMOS-ProjectW1\Haohanyh-HAMOS-ProjectW1 JavaEclipse\Haohanyh\libs\RXTXcomm.jar;D:\1108lin.xyz\Downloads\Haohanyh-HAMOS-ProjectW1\Haohanyh-HAMOS-ProjectW1 JavaEclipse\Haohanyh\libs\SerialPortLib.jar;D:\1108lin.xyz\Downloads\Haohanyh-HAMOS-ProjectW1\Haohanyh-HAMOS-ProjectW1 JavaEclipse\Haohanyh\libs\ZigBeeSensorData1.jar
Launcher Type: SUN_STANDARD

Environment Variables:
JAVA_HOME=C:\Program Files\Java\jdk1.8.0_202
CLASSPATH=.;C:\Program Files\Java\jdk1.8.0_202\lib;C:\Program Files\Java\jdk1.8.0_202\lib\tools.jar
PATH=C:/Program Files/Eclipse Foundation/jdk-8.0.302.8-hotspot/bin/../jre/bin/server;C:/Program Files/Eclipse Foundation/jdk-8.0.302.8-hotspot/bin/../jre/bin;C:/Program Files/Eclipse Foundation/jdk-8.0.302.8-hotspot/bin/../jre/lib/amd64;C:\Program Files\Eclipse Foundation\jdk-8.0.302.8-hotspot\bin;D:\Software\VMware Workstation Pro\bin\;C:\Program Files\Eclipse Foundation\jdk-16.0.2.7-hotspot\bin;C:\Program Files (x86)\Common Files\Oracle\Java\javapath;C:\Windows\system32;C:\Windows;C:\Windows\System32\Wbem;C:\Windows\System32\WindowsPowerShell\v1.0\;C:\Windows\System32\OpenSSH\;C:\Program Files\Microsoft\Web Platform Installer\;C:\Program Files (x86)\Microsoft ASP.NET\ASP.NET Web Pages\v1.0\;C:\Program Files\Microsoft SQL Server\110\Tools\Binn\;D:\Software\mingw64\bin;C:\Program Files\dotnet\;C:\Program Files\NVIDIA Corporation\NVIDIA NvDLISR;D:\Software\QQbeta\2109470962\FileRecv\adb;C:\Program Files\Java\jdk1.8.0_202\bin;C:\Program Files\Java\jdk1.8.0_202\jre\bin;C:\Program Files\Git\cmd;C:\Users\Administrator\AppData\Local\Microsoft\WindowsApps;D:\Software\Microsoft VS Code\bin;C:\Users\Administrator\.dotnet\tools;G:\Huawei\DevEco Studio 3.0.0.800\bin;D:\Eclipse\eclipse-SDK-4.7.1-win32-x86_64-distro-3.1.0-SNAPSHOT\eclipse;
USERNAME=WannaCry¡÷√œºŒ
OS=Windows_NT
PROCESSOR_IDENTIFIER=Intel64 Family 6 Model 158 Stepping 10, GenuineIntel



---------------  S Y S T E M  ---------------

OS: Windows 10.0 , 64 bit Build 19041 (10.0.19041.1645)

CPU:total 12 (initial active 12) (6 cores per cpu, 2 threads per core) family 6 model 158 stepping 10, cmov, cx8, fxsr, mmx, sse, sse2, sse3, ssse3, sse4.1, sse4.2, popcnt, avx, avx2, aes, clmul, erms, 3dnowpref, lzcnt, ht, tsc, tscinvbit, bmi1, bmi2, adx

Memory: 4k page, physical 33430836k(18196400k free), swap 38411572k(17180136k free)

vm_info: OpenJDK 64-Bit Server VM (25.302-b08) for windows-amd64 JRE (1.8.0_302-b08), built on Jul 20 2021 21:31:03 by "jenkins" with MS VC++ 12.0 (VS2013)

time: Sun Jun 19 23:42:12 2022
timezone: ?D1®≤°¿®∫°¡?®∫°¿??
elapsed time: 29.146817 seconds (0d 0h 0m 29s)

