#
# A fatal error has been detected by the Java Runtime Environment:
#
#  EXCEPTION_ACCESS_VIOLATION (0xc0000005) at pc=0x0000000180005b00, pid=14832, tid=0x000000000000437c
#
# JRE version: OpenJDK Runtime Environment (8.0_302-b08) (build 1.8.0_302-b08)
# Java VM: OpenJDK 64-Bit Server VM (25.302-b08 mixed mode windows-amd64 compressed oops)
# Problematic frame:
# C  [rxtxSerial.dll+0x5b00]
#
# Failed to write core dump. Minidumps are not enabled by default on client versions of Windows
#
# If you would like to submit a bug report, please visit:
#   https://github.com/adoptium/adoptium-support/issues
# The crash happened outside the Java Virtual Machine in native code.
# See problematic frame for where to report the bug.
#

---------------  T H R E A D  ---------------

Current thread (0x000001baa4ce0800):  JavaThread "Thread-0" [_thread_in_native, id=17276, stack(0x0000008c93b00000,0x0000008c93c00000)]

siginfo: ExceptionCode=0xc0000005, reading address 0xffffffff93bff1f8

Registers:
RAX=0x0000000000000001, RBX=0x0000000000000000, RCX=0x000000018001d4d5, RDX=0xfffffffffffff665
RSP=0x0000008c93bfe770, RBP=0x00000000ffffffff, RSI=0x0000000000000000, RDI=0x000001baa4ce0a50
R8 =0x0000000000000002, R9 =0xfffffffffffff63c, R10=0x0000000000000004, R11=0x8101010101010100
R12=0xffffffff93bff1f0, R13=0x0000000000000015, R14=0x0000008c93bfe950, R15=0x0000000000000000
RIP=0x0000000180005b00, EFLAGS=0x0000000000010202

Top of Stack: (sp=0x0000008c93bfe770)
0x0000008c93bfe770:   0000000000000000 0000000000000000
0x0000008c93bfe780:   0000008c93bfe958 0000000000000000
0x0000008c93bfe790:   0000000000000000 0000008c93bfe950
0x0000008c93bfe7a0:   000001baa218c400 0000000000000001
0x0000008c93bfe7b0:   000001baa4ce0a50 0000000000000015
0x0000008c93bfe7c0:   ffffffffffffffff 0000000180006211
0x0000008c93bfe7d0:   000001baa4cf4af0 0000000000000015
0x0000008c93bfe7e0:   0000000000000001 000001baa4cf4af0
0x0000008c93bfe7f0:   000001ba00000015 000001baffffffff
0x0000008c93bfe800:   0000008c93bfe958 000001baa218c400
0x0000008c93bfe810:   000001baa4c86f70 000000006d31a2f5
0x0000008c93bfe820:   0000008c93bfee50 000001baa4ce0800
0x0000008c93bfe830:   000001baa218c408 000000006d38ab53
0x0000008c93bfe840:   000001baa218c408 0000831771c51ccc
0x0000008c93bfe850:   000001baa218c408 000001baa218c400
0x0000008c93bfe860:   000001baa4ce0800 0000008c93bfe958 

Instructions: (pc=0x0000000180005b00)
0x0000000180005ae0:   15 23 7a 01 00 48 8d 48 60 e8 3a 5d 00 00 4c 8b
0x0000000180005af0:   e5 8b ac 24 88 00 00 00 44 8b ac 24 80 00 00 00
0x0000000180005b00:   45 8b 74 24 08 41 89 5c 24 08 41 8b fd 85 ed 78
0x0000000180005b10:   09 ff 15 e9 14 01 00 44 8b f8 45 85 ed 7e 4a 90 


Register to memory mapping:

RAX=0x0000000000000001 is an unknown value
RBX=0x0000000000000000 is an unknown value
RCX=0x000000018001d4d5 is an unknown value
RDX=0xfffffffffffff665 is an unknown value
RSP=0x0000008c93bfe770 is pointing into the stack for thread: 0x000001baa4ce0800
RBP=0x00000000ffffffff is an unknown value
RSI=0x0000000000000000 is an unknown value
RDI=0x000001baa4ce0a50 is an unknown value
R8 =0x0000000000000002 is an unknown value
R9 =0xfffffffffffff63c is an unknown value
R10=0x0000000000000004 is an unknown value
R11=0x8101010101010100 is an unknown value
R12=0xffffffff93bff1f0 is an unknown value
R13=0x0000000000000015 is an unknown value
R14=0x0000008c93bfe950 is pointing into the stack for thread: 0x000001baa4ce0800
R15=0x0000000000000000 is an unknown value


Stack: [0x0000008c93b00000,0x0000008c93c00000],  sp=0x0000008c93bfe770,  free space=1017k
Native frames: (J=compiled Java code, j=interpreted, Vv=VM code, C=native code)
C  [rxtxSerial.dll+0x5b00]
C  [rxtxSerial.dll+0x6211]
C  0x000001ba80019c8e

Java frames: (J=compiled Java code, j=interpreted, Vv=VM code)
j  gnu.io.RXTXPort.readArray([BII)I+0
j  gnu.io.RXTXPort$SerialInputStream.read([BII)I+212
j  gnu.io.RXTXPort$SerialInputStream.read([B)I+60
j  com.nle.serialport.SerialPortManager.readFromPort(Lgnu/io/SerialPort;)[B+34
j  com.nle.ZigbeeSensorData$1.serialEvent(Lgnu/io/SerialPortEvent;)V+50
j  gnu.io.RXTXPort.sendEvent(IZ)Z+382
v  ~StubRoutines::call_stub
j  gnu.io.RXTXPort.eventLoop()V+0
j  gnu.io.RXTXPort$MonitorThread.run()V+12
v  ~StubRoutines::call_stub

---------------  P R O C E S S  ---------------

Java Threads: ( => current thread )
=>0x000001baa4ce0800 JavaThread "Thread-0" [_thread_in_native, id=17276, stack(0x0000008c93b00000,0x0000008c93c00000)]
  0x000001baa4c03000 JavaThread "Service Thread" daemon [_thread_blocked, id=17608, stack(0x0000008c93900000,0x0000008c93a00000)]
  0x000001baa4b76000 JavaThread "C1 CompilerThread3" daemon [_thread_blocked, id=3472, stack(0x0000008c93800000,0x0000008c93900000)]
  0x000001baa277a800 JavaThread "C2 CompilerThread2" daemon [_thread_blocked, id=22136, stack(0x0000008c93700000,0x0000008c93800000)]
  0x000001baa2778000 JavaThread "C2 CompilerThread1" daemon [_thread_blocked, id=18760, stack(0x0000008c93600000,0x0000008c93700000)]
  0x000001baa277d000 JavaThread "C2 CompilerThread0" daemon [_thread_blocked, id=18248, stack(0x0000008c93500000,0x0000008c93600000)]
  0x000001baa2754800 JavaThread "Attach Listener" daemon [_thread_blocked, id=6084, stack(0x0000008c93400000,0x0000008c93500000)]
  0x000001baa2754000 JavaThread "Signal Dispatcher" daemon [_thread_blocked, id=21872, stack(0x0000008c93300000,0x0000008c93400000)]
  0x000001baa2720000 JavaThread "Finalizer" daemon [_thread_blocked, id=20612, stack(0x0000008c93200000,0x0000008c93300000)]
  0x000001baa2719000 JavaThread "Reference Handler" daemon [_thread_blocked, id=2996, stack(0x0000008c93100000,0x0000008c93200000)]
  0x000001bafe19c800 JavaThread "main" [_thread_blocked, id=20148, stack(0x0000008c92500000,0x0000008c92600000)]

Other Threads:
  0x000001baa26f0800 VMThread [stack: 0x0000008c93000000,0x0000008c93100000] [id=10404]
  0x000001baa4c03800 WatcherThread [stack: 0x0000008c93a00000,0x0000008c93b00000] [id=12700]

VM state:not at safepoint (normal execution)

VM Mutex/Monitor currently owned by a thread: None

heap address: 0x00000005c1e00000, size: 8162 MB, Compressed Oops mode: Zero based, Oop shift amount: 3
Narrow klass base: 0x0000000000000000, Narrow klass shift: 3
Compressed class space size: 1073741824 Address: 0x00000007c0000000

Heap:
 PSYoungGen      total 153088K, used 7895K [0x0000000715f80000, 0x0000000720a00000, 0x00000007c0000000)
  eden space 131584K, 6% used [0x0000000715f80000,0x0000000716735c68,0x000000071e000000)
  from space 21504K, 0% used [0x000000071f500000,0x000000071f500000,0x0000000720a00000)
  to   space 21504K, 0% used [0x000000071e000000,0x000000071e000000,0x000000071f500000)
 ParOldGen       total 349696K, used 0K [0x00000005c1e00000, 0x00000005d7380000, 0x0000000715f80000)
  object space 349696K, 0% used [0x00000005c1e00000,0x00000005c1e00000,0x00000005d7380000)
 Metaspace       used 3176K, capacity 4664K, committed 4864K, reserved 1056768K
  class space    used 331K, capacity 424K, committed 512K, reserved 1048576K

Card table byte_map: [0x000001ba8f3c0000,0x000001ba903c0000] byte_map_base: 0x000001ba8c5b1000

Marking Bits: (ParMarkBitMap*) 0x000000006da6c820
 Begin Bits: [0x000001ba90e70000, 0x000001ba98df8000)
 End Bits:   [0x000001ba98df8000, 0x000001baa0d80000)

Polling page: 0x000001bafe140000

CodeCache: size=245760Kb used=1288Kb max_used=1301Kb free=244471Kb
 bounds [0x000001ba80000000, 0x000001ba80270000, 0x000001ba8f000000]
 total_blobs=351 nmethods=106 adapters=158
 compilation: enabled

Compilation events (10 events):
Event: 0.301 Thread 0x000001baa4b76000 nmethod 101 0x000001ba801403d0 code [0x000001ba80140580, 0x000001ba80140a40]
Event: 0.301 Thread 0x000001baa4b76000  102       3       java.lang.ref.Reference::<init> (25 bytes)
Event: 0.301 Thread 0x000001baa4b76000 nmethod 102 0x000001ba80140c50 code [0x000001ba80140dc0, 0x000001ba80141018]
Event: 0.302 Thread 0x000001baa4b76000  103       3       java.util.concurrent.ConcurrentHashMap::setTabAt (19 bytes)
Event: 0.302 Thread 0x000001baa4b76000 nmethod 103 0x000001ba801414d0 code [0x000001ba80141620, 0x000001ba80141798]
Event: 0.302 Thread 0x000001baa4b76000  105       3       java.io.WinNTFileSystem::isLetter (30 bytes)
Event: 0.302 Thread 0x000001baa4b76000 nmethod 105 0x000001ba80141810 code [0x000001ba80141980, 0x000001ba80141bd8]
Event: 0.302 Thread 0x000001baa4b76000  106       3       java.util.zip.ZStreamRef::address (5 bytes)
Event: 0.302 Thread 0x000001baa4b76000 nmethod 106 0x000001ba80141c50 code [0x000001ba80141da0, 0x000001ba80141ef8]
Event: 0.304 Thread 0x000001baa277d000 nmethod 100 0x000001ba80145150 code [0x000001ba801452a0, 0x000001ba80145848]

GC Heap History (0 events):
No events

Deoptimization events (0 events):
No events

Classes redefined (0 events):
No events

Internal exceptions (4 events):
Event: 0.021 Thread 0x000001bafe19c800 Exception <a 'java/lang/NoSuchMethodError': Method sun.misc.Unsafe.defineClass(Ljava/lang/String;[BII)Ljava/lang/Class; name or signature does not match> (0x0000000715f87cc0) thrown at [J:\jenkins\tmp\workspace\build\src\hotspot\src\share\vm\prims\jni.cpp
Event: 0.021 Thread 0x000001bafe19c800 Exception <a 'java/lang/NoSuchMethodError': Method sun.misc.Unsafe.prefetchRead(Ljava/lang/Object;J)V name or signature does not match> (0x0000000715f87fa8) thrown at [J:\jenkins\tmp\workspace\build\src\hotspot\src\share\vm\prims\jni.cpp, line 4014]
Event: 0.096 Thread 0x000001bafe19c800 Exception <a 'java/io/FileNotFoundException'> (0x00000007160c1440) thrown at [J:\jenkins\tmp\workspace\build\src\hotspot\src\share\vm\prims\jni.cpp, line 711]
Event: 0.292 Thread 0x000001bafe19c800 Exception <a 'java/io/FileNotFoundException'> (0x00000007160d7f78) thrown at [J:\jenkins\tmp\workspace\build\src\hotspot\src\share\vm\prims\jni.cpp, line 711]

Events (10 events):
Event: 0.302 loading class gnu/io/SerialPortEventListener
Event: 0.302 loading class gnu/io/SerialPortEventListener done
Event: 0.302 loading class java/util/EventListener
Event: 0.302 loading class java/util/EventListener done
Event: 0.302 loading class com/nle/ZigbeeSensorData$1
Event: 0.302 loading class com/nle/ZigbeeSensorData$1 done
Event: 1.128 loading class gnu/io/SerialPortEvent
Event: 1.128 loading class gnu/io/SerialPortEvent done
Event: 1.129 loading class java/util/EventObject
Event: 1.129 loading class java/util/EventObject done


Dynamic libraries:
0x00007ff758430000 - 0x00007ff75846a000 	C:\Program Files\Eclipse Foundation\jdk-8.0.302.8-hotspot\bin\javaw.exe
0x00007ffbbe290000 - 0x00007ffbbe485000 	C:\Windows\SYSTEM32\ntdll.dll
0x00007ffbbc350000 - 0x00007ffbbc40e000 	C:\Windows\System32\KERNEL32.DLL
0x00007ffbbc020000 - 0x00007ffbbc2e8000 	C:\Windows\System32\KERNELBASE.dll
0x00007ffbbd750000 - 0x00007ffbbd7fe000 	C:\Windows\System32\ADVAPI32.dll
0x00007ffbbce30000 - 0x00007ffbbcece000 	C:\Windows\System32\msvcrt.dll
0x00007ffbbe1b0000 - 0x00007ffbbe24c000 	C:\Windows\System32\sechost.dll
0x00007ffbbe080000 - 0x00007ffbbe1a5000 	C:\Windows\System32\RPCRT4.dll
0x00007ffbbc420000 - 0x00007ffbbc5c0000 	C:\Windows\System32\USER32.dll
0x00007ffbbbc50000 - 0x00007ffbbbc72000 	C:\Windows\System32\win32u.dll
0x00007ffbbca30000 - 0x00007ffbbca5a000 	C:\Windows\System32\GDI32.dll
0x00007ffbbbc80000 - 0x00007ffbbbd8b000 	C:\Windows\System32\gdi32full.dll
0x00007ffbbb9b0000 - 0x00007ffbbba4d000 	C:\Windows\System32\msvcp_win.dll
0x00007ffbbbb50000 - 0x00007ffbbbc50000 	C:\Windows\System32\ucrtbase.dll
0x00007ffba76c0000 - 0x00007ffba795a000 	C:\Windows\WinSxS\amd64_microsoft.windows.common-controls_6595b64144ccf1df_6.0.19041.1110_none_60b5254171f9507e\COMCTL32.dll
0x00007ffbbd820000 - 0x00007ffbbd850000 	C:\Windows\System32\IMM32.DLL
0x00007ffb78e90000 - 0x00007ffb78f7f000 	C:\Program Files\Eclipse Foundation\jdk-8.0.302.8-hotspot\jre\bin\msvcr120.dll
0x00007ffb7d7e0000 - 0x00007ffb7d886000 	C:\Program Files\Eclipse Foundation\jdk-8.0.302.8-hotspot\jre\bin\msvcp120.dll
0x000000006d280000 - 0x000000006daeb000 	C:\Program Files\Eclipse Foundation\jdk-8.0.302.8-hotspot\jre\bin\server\jvm.dll
0x00007ffbbcc10000 - 0x00007ffbbcc18000 	C:\Windows\System32\PSAPI.DLL
0x00007ffba45d0000 - 0x00007ffba45d9000 	C:\Windows\SYSTEM32\WSOCK32.dll
0x00007ffbbcc90000 - 0x00007ffbbccfb000 	C:\Windows\System32\WS2_32.dll
0x00007ffbb4af0000 - 0x00007ffbb4afa000 	C:\Windows\SYSTEM32\VERSION.dll
0x00007ffba6130000 - 0x00007ffba6157000 	C:\Windows\SYSTEM32\WINMM.dll
0x00007ffba45c0000 - 0x00007ffba45cf000 	C:\Program Files\Eclipse Foundation\jdk-8.0.302.8-hotspot\jre\bin\verify.dll
0x00007ffb8ad10000 - 0x00007ffb8ad39000 	C:\Program Files\Eclipse Foundation\jdk-8.0.302.8-hotspot\jre\bin\java.dll
0x00007ffb994f0000 - 0x00007ffb99506000 	C:\Program Files\Eclipse Foundation\jdk-8.0.302.8-hotspot\jre\bin\zip.dll
0x00007ffbbced0000 - 0x00007ffbbd614000 	C:\Windows\System32\SHELL32.dll
0x00007ffbb96d0000 - 0x00007ffbb9e64000 	C:\Windows\SYSTEM32\windows.storage.dll
0x00007ffbbdd20000 - 0x00007ffbbe074000 	C:\Windows\System32\combase.dll
0x00007ffbbb340000 - 0x00007ffbbb36c000 	C:\Windows\SYSTEM32\Wldp.dll
0x00007ffbbdc70000 - 0x00007ffbbdd1d000 	C:\Windows\System32\SHCORE.dll
0x00007ffbbd970000 - 0x00007ffbbd9c5000 	C:\Windows\System32\shlwapi.dll
0x00007ffbbb8f0000 - 0x00007ffbbb90f000 	C:\Windows\SYSTEM32\profapi.dll
0x0000000180000000 - 0x0000000180025000 	C:\Program Files\Eclipse Foundation\jdk-8.0.302.8-hotspot\jre\bin\rxtxSerial.dll
0x00007ffbb9f40000 - 0x00007ffbba124000 	C:\Windows\SYSTEM32\dbghelp.dll
0x00007ffbbbac0000 - 0x00007ffbbbb42000 	C:\Windows\System32\bcryptPrimitives.dll

VM Arguments:
jvm_args: -Dfile.encoding=UTF-8 
java_command: com.haohanyh.hamos.Test
java_class_path (initial): C:\Program Files\Eclipse Foundation\jdk-8.0.302.8-hotspot\jre\lib\resources.jar;C:\Program Files\Eclipse Foundation\jdk-8.0.302.8-hotspot\jre\lib\rt.jar;C:\Program Files\Eclipse Foundation\jdk-8.0.302.8-hotspot\jre\lib\jsse.jar;C:\Program Files\Eclipse Foundation\jdk-8.0.302.8-hotspot\jre\lib\jce.jar;C:\Program Files\Eclipse Foundation\jdk-8.0.302.8-hotspot\jre\lib\charsets.jar;C:\Program Files\Eclipse Foundation\jdk-8.0.302.8-hotspot\jre\lib\jfr.jar;C:\Program Files\Eclipse Foundation\jdk-8.0.302.8-hotspot\jre\lib\ext\access-bridge-64.jar;C:\Program Files\Eclipse Foundation\jdk-8.0.302.8-hotspot\jre\lib\ext\cldrdata.jar;C:\Program Files\Eclipse Foundation\jdk-8.0.302.8-hotspot\jre\lib\ext\dnsns.jar;C:\Program Files\Eclipse Foundation\jdk-8.0.302.8-hotspot\jre\lib\ext\jaccess.jar;C:\Program Files\Eclipse Foundation\jdk-8.0.302.8-hotspot\jre\lib\ext\localedata.jar;C:\Program Files\Eclipse Foundation\jdk-8.0.302.8-hotspot\jre\lib\ext\nashorn.jar;C:\Program Files\Eclipse Foundation\jdk-8.0.302.8-hotspot\jre\lib\ext\sunec.jar;C:\Program Files\Eclipse Foundation\jdk-8.0.302.8-hotspot\jre\lib\ext\sunjce_provider.jar;C:\Program Files\Eclipse Foundation\jdk-8.0.302.8-hotspot\jre\lib\ext\sunmscapi.jar;C:\Program Files\Eclipse Foundation\jdk-8.0.302.8-hotspot\jre\lib\ext\sunpkcs11.jar;C:\Program Files\Eclipse Foundation\jdk-8.0.302.8-hotspot\jre\lib\ext\zipfs.jar;D:\1108lin.xyz\Downloads\Haohanyh-HAMOS-ProjectW1\Haohanyh-HAMOS-ProjectW1 JavaEclipse\Haohanyh\bin;D:\1108lin.xyz\Downloads\Haohanyh-HAMOS-ProjectW1\Haohanyh-HAMOS-ProjectW1 JavaEclipse\Haohanyh\libs\RXTXcomm.jar;D:\1108lin.xyz\Downloads\Haohanyh-HAMOS-ProjectW1\Haohanyh-HAMOS-ProjectW1 JavaEclipse\Haohanyh\libs\SerialPortLib.jar;D:\1108lin.xyz\Downloads\Haohanyh-HAMOS-ProjectW1\Haohanyh-HAMOS-ProjectW1 JavaEclipse\Haohanyh\libs\ZigBeeSensorData1.jar
Launcher Type: SUN_STANDARD

Environment Variables:
JAVA_HOME=C:\Program Files\Java\jdk1.8.0_202
CLASSPATH=.;C:\Program Files\Java\jdk1.8.0_202\lib;C:\Program Files\Java\jdk1.8.0_202\lib\tools.jar
PATH=C:/Program Files/Eclipse Foundation/jdk-8.0.302.8-hotspot/bin/../jre/bin/server;C:/Program Files/Eclipse Foundation/jdk-8.0.302.8-hotspot/bin/../jre/bin;C:/Program Files/Eclipse Foundation/jdk-8.0.302.8-hotspot/bin/../jre/lib/amd64;C:\Program Files\Eclipse Foundation\jdk-8.0.302.8-hotspot\bin;D:\Software\VMware Workstation Pro\bin\;C:\Program Files\Eclipse Foundation\jdk-16.0.2.7-hotspot\bin;C:\Program Files (x86)\Common Files\Oracle\Java\javapath;C:\Windows\system32;C:\Windows;C:\Windows\System32\Wbem;C:\Windows\System32\WindowsPowerShell\v1.0\;C:\Windows\System32\OpenSSH\;C:\Program Files\Microsoft\Web Platform Installer\;C:\Program Files (x86)\Microsoft ASP.NET\ASP.NET Web Pages\v1.0\;C:\Program Files\Microsoft SQL Server\110\Tools\Binn\;D:\Software\mingw64\bin;C:\Program Files\dotnet\;C:\Program Files\NVIDIA Corporation\NVIDIA NvDLISR;D:\Software\QQbeta\2109470962\FileRecv\adb;C:\Program Files\Java\jdk1.8.0_202\bin;C:\Program Files\Java\jdk1.8.0_202\jre\bin;C:\Program Files\Git\cmd;C:\Users\Administrator\AppData\Local\Microsoft\WindowsApps;D:\Software\Microsoft VS Code\bin;C:\Users\Administrator\.dotnet\tools;G:\Huawei\DevEco Studio 3.0.0.800\bin;D:\Eclipse\eclipse-SDK-4.7.1-win32-x86_64-distro-3.1.0-SNAPSHOT\eclipse;
USERNAME=WannaCry¡÷√œºŒ
OS=Windows_NT
PROCESSOR_IDENTIFIER=Intel64 Family 6 Model 158 Stepping 10, GenuineIntel



---------------  S Y S T E M  ---------------

OS: Windows 10.0 , 64 bit Build 19041 (10.0.19041.1645)

CPU:total 12 (initial active 12) (6 cores per cpu, 2 threads per core) family 6 model 158 stepping 10, cmov, cx8, fxsr, mmx, sse, sse2, sse3, ssse3, sse4.1, sse4.2, popcnt, avx, avx2, aes, clmul, erms, 3dnowpref, lzcnt, ht, tsc, tscinvbit, bmi1, bmi2, adx

Memory: 4k page, physical 33430836k(18173648k free), swap 38411572k(17163524k free)

vm_info: OpenJDK 64-Bit Server VM (25.302-b08) for windows-amd64 JRE (1.8.0_302-b08), built on Jul 20 2021 21:31:03 by "jenkins" with MS VC++ 12.0 (VS2013)

time: Sun Jun 19 23:42:17 2022
timezone: ?D1®≤°¿®∫°¡?®∫°¿??
elapsed time: 1.144922 seconds (0d 0h 0m 1s)

