#
# A fatal error has been detected by the Java Runtime Environment:
#
#  EXCEPTION_ACCESS_VIOLATION (0xc0000005) at pc=0x0000000180005b00, pid=19000, tid=0x000000000000592c
#
# JRE version: OpenJDK Runtime Environment (8.0_302-b08) (build 1.8.0_302-b08)
# Java VM: OpenJDK 64-Bit Server VM (25.302-b08 mixed mode windows-amd64 compressed oops)
# Problematic frame:
# C  [rxtxSerial.dll+0x5b00]
#
# Failed to write core dump. Minidumps are not enabled by default on client versions of Windows
#
# If you would like to submit a bug report, please visit:
#   https://github.com/adoptium/adoptium-support/issues
# The crash happened outside the Java Virtual Machine in native code.
# See problematic frame for where to report the bug.
#

---------------  T H R E A D  ---------------

Current thread (0x0000020d71ea3000):  JavaThread "Thread-0" [_thread_in_native, id=22828, stack(0x000000f6f9900000,0x000000f6f9a00000)]

siginfo: ExceptionCode=0xc0000005, reading address 0xfffffffff99ff1a8

Registers:
RAX=0x0000000000000001, RBX=0x0000000000000000, RCX=0x000000018001d4d5, RDX=0xfffffffffffff665
RSP=0x000000f6f99fe720, RBP=0x00000000ffffffff, RSI=0x0000000000000000, RDI=0x0000020d71ea3250
R8 =0x0000000000000002, R9 =0xfffffffffffff63c, R10=0x0000000000000002, R11=0x8101010101010100
R12=0xfffffffff99ff1a0, R13=0x0000000000000015, R14=0x000000f6f99fe900, R15=0x0000000000000000
RIP=0x0000000180005b00, EFLAGS=0x0000000000010202

Top of Stack: (sp=0x000000f6f99fe720)
0x000000f6f99fe720:   0000000000000000 0000000000000000
0x000000f6f99fe730:   000000f6f99fe908 0000000000000000
0x000000f6f99fe740:   0000000000000000 000000f6f99fe900
0x000000f6f99fe750:   0000020d6f29c400 0000000000000001
0x000000f6f99fe760:   0000020d71ea3250 0000000000000015
0x000000f6f99fe770:   ffffffffffffffff 0000000180006211
0x000000f6f99fe780:   0000020d6f94c240 0000000000000015
0x000000f6f99fe790:   0000000000000001 0000020d6f94c240
0x000000f6f99fe7a0:   0000020d00000015 0000020dffffffff
0x000000f6f99fe7b0:   000000f6f99fe908 0000020d6f29c400
0x000000f6f99fe7c0:   0000020d71e2f8a0 000000006d31a2f5
0x000000f6f99fe7d0:   000000f6f99fee00 0000020d71ea3000
0x000000f6f99fe7e0:   0000020d6f29c408 000000006d38ab53
0x000000f6f99fe7f0:   0000020d6f29c408 000083605bbb63c4
0x000000f6f99fe800:   0000020d6f29c408 0000020d6f29c400
0x000000f6f99fe810:   0000020d71ea3000 000000f6f99fe908 

Instructions: (pc=0x0000000180005b00)
0x0000000180005ae0:   15 23 7a 01 00 48 8d 48 60 e8 3a 5d 00 00 4c 8b
0x0000000180005af0:   e5 8b ac 24 88 00 00 00 44 8b ac 24 80 00 00 00
0x0000000180005b00:   45 8b 74 24 08 41 89 5c 24 08 41 8b fd 85 ed 78
0x0000000180005b10:   09 ff 15 e9 14 01 00 44 8b f8 45 85 ed 7e 4a 90 


Register to memory mapping:

RAX=0x0000000000000001 is an unknown value
RBX=0x0000000000000000 is an unknown value
RCX=0x000000018001d4d5 is an unknown value
RDX=0xfffffffffffff665 is an unknown value
RSP=0x000000f6f99fe720 is pointing into the stack for thread: 0x0000020d71ea3000
RBP=0x00000000ffffffff is an unknown value
RSI=0x0000000000000000 is an unknown value
RDI=0x0000020d71ea3250 is an unknown value
R8 =0x0000000000000002 is an unknown value
R9 =0xfffffffffffff63c is an unknown value
R10=0x0000000000000002 is an unknown value
R11=0x8101010101010100 is an unknown value
R12=0xfffffffff99ff1a0 is an unknown value
R13=0x0000000000000015 is an unknown value
R14=0x000000f6f99fe900 is pointing into the stack for thread: 0x0000020d71ea3000
R15=0x0000000000000000 is an unknown value


Stack: [0x000000f6f9900000,0x000000f6f9a00000],  sp=0x000000f6f99fe720,  free space=1017k
Native frames: (J=compiled Java code, j=interpreted, Vv=VM code, C=native code)
C  [rxtxSerial.dll+0x5b00]
C  [rxtxSerial.dll+0x6211]
C  0x0000020d4d129c8e

Java frames: (J=compiled Java code, j=interpreted, Vv=VM code)
j  gnu.io.RXTXPort.readArray([BII)I+0
j  gnu.io.RXTXPort$SerialInputStream.read([BII)I+212
j  gnu.io.RXTXPort$SerialInputStream.read([B)I+60
j  com.nle.serialport.SerialPortManager.readFromPort(Lgnu/io/SerialPort;)[B+34
j  com.nle.ZigbeeSensorData$1.serialEvent(Lgnu/io/SerialPortEvent;)V+50
j  gnu.io.RXTXPort.sendEvent(IZ)Z+382
v  ~StubRoutines::call_stub
j  gnu.io.RXTXPort.eventLoop()V+0
j  gnu.io.RXTXPort$MonitorThread.run()V+12
v  ~StubRoutines::call_stub

---------------  P R O C E S S  ---------------

Java Threads: ( => current thread )
=>0x0000020d71ea3000 JavaThread "Thread-0" [_thread_in_native, id=22828, stack(0x000000f6f9900000,0x000000f6f9a00000)]
  0x0000020d71dbe000 JavaThread "Service Thread" daemon [_thread_blocked, id=22724, stack(0x000000f6f9700000,0x000000f6f9800000)]
  0x0000020d6f98b000 JavaThread "C1 CompilerThread3" daemon [_thread_blocked, id=22088, stack(0x000000f6f9600000,0x000000f6f9700000)]
  0x0000020d6f987000 JavaThread "C2 CompilerThread2" daemon [_thread_blocked, id=8176, stack(0x000000f6f9500000,0x000000f6f9600000)]
  0x0000020d6f982000 JavaThread "C2 CompilerThread1" daemon [_thread_blocked, id=13116, stack(0x000000f6f9400000,0x000000f6f9500000)]
  0x0000020d6f985800 JavaThread "C2 CompilerThread0" daemon [_thread_blocked, id=20280, stack(0x000000f6f9300000,0x000000f6f9400000)]
  0x0000020d6f962000 JavaThread "Attach Listener" daemon [_thread_blocked, id=11692, stack(0x000000f6f9200000,0x000000f6f9300000)]
  0x0000020d6f974000 JavaThread "Signal Dispatcher" daemon [_thread_blocked, id=12588, stack(0x000000f6f9100000,0x000000f6f9200000)]
  0x0000020d6f928800 JavaThread "Finalizer" daemon [_thread_blocked, id=21992, stack(0x000000f6f9000000,0x000000f6f9100000)]
  0x0000020d6f921800 JavaThread "Reference Handler" daemon [_thread_blocked, id=23932, stack(0x000000f6f8f00000,0x000000f6f9000000)]
  0x0000020d4b27c000 JavaThread "main" [_thread_blocked, id=24056, stack(0x000000f6f8300000,0x000000f6f8400000)]

Other Threads:
  0x0000020d6f8f9800 VMThread [stack: 0x000000f6f8e00000,0x000000f6f8f00000] [id=12056]
  0x0000020d71dbf000 WatcherThread [stack: 0x000000f6f9800000,0x000000f6f9900000] [id=16432]

VM state:not at safepoint (normal execution)

VM Mutex/Monitor currently owned by a thread: None

heap address: 0x00000005c1e00000, size: 8162 MB, Compressed Oops mode: Zero based, Oop shift amount: 3
Narrow klass base: 0x0000000000000000, Narrow klass shift: 3
Compressed class space size: 1073741824 Address: 0x00000007c0000000

Heap:
 PSYoungGen      total 153088K, used 7895K [0x0000000715f80000, 0x0000000720a00000, 0x00000007c0000000)
  eden space 131584K, 6% used [0x0000000715f80000,0x0000000716735c68,0x000000071e000000)
  from space 21504K, 0% used [0x000000071f500000,0x000000071f500000,0x0000000720a00000)
  to   space 21504K, 0% used [0x000000071e000000,0x000000071e000000,0x000000071f500000)
 ParOldGen       total 349696K, used 0K [0x00000005c1e00000, 0x00000005d7380000, 0x0000000715f80000)
  object space 349696K, 0% used [0x00000005c1e00000,0x00000005c1e00000,0x00000005d7380000)
 Metaspace       used 3176K, capacity 4664K, committed 4864K, reserved 1056768K
  class space    used 331K, capacity 424K, committed 512K, reserved 1048576K

Card table byte_map: [0x0000020d5c4d0000,0x0000020d5d4d0000] byte_map_base: 0x0000020d596c1000

Marking Bits: (ParMarkBitMap*) 0x000000006da6c820
 Begin Bits: [0x0000020d5df80000, 0x0000020d65f08000)
 End Bits:   [0x0000020d65f08000, 0x0000020d6de90000)

Polling page: 0x0000020d4b530000

CodeCache: size=245760Kb used=1277Kb max_used=1289Kb free=244483Kb
 bounds [0x0000020d4d110000, 0x0000020d4d380000, 0x0000020d5c110000]
 total_blobs=345 nmethods=100 adapters=158
 compilation: enabled

Compilation events (10 events):
Event: 0.278 Thread 0x0000020d6f98b000 nmethod 95 0x0000020d4d24d4d0 code [0x0000020d4d24d680, 0x0000020d4d24db40]
Event: 0.278 Thread 0x0000020d6f98b000   96       3       java.util.concurrent.ConcurrentHashMap::setTabAt (19 bytes)
Event: 0.278 Thread 0x0000020d6f98b000 nmethod 96 0x0000020d4d24e150 code [0x0000020d4d24e2a0, 0x0000020d4d24e418]
Event: 0.278 Thread 0x0000020d6f98b000   98       3       java.io.WinNTFileSystem::isLetter (30 bytes)
Event: 0.278 Thread 0x0000020d6f98b000 nmethod 98 0x0000020d4d24e490 code [0x0000020d4d24e600, 0x0000020d4d24e858]
Event: 0.278 Thread 0x0000020d6f98b000   99       3       java.lang.String::indexOf (7 bytes)
Event: 0.278 Thread 0x0000020d6f98b000 nmethod 99 0x0000020d4d24e8d0 code [0x0000020d4d24ea40, 0x0000020d4d24ecd0]
Event: 0.278 Thread 0x0000020d6f98b000  100       3       java.util.zip.ZStreamRef::address (5 bytes)
Event: 0.279 Thread 0x0000020d6f98b000 nmethod 100 0x0000020d4d24ee50 code [0x0000020d4d24efa0, 0x0000020d4d24f0f8]
Event: 0.280 Thread 0x0000020d6f982000 nmethod 92 0x0000020d4d252350 code [0x0000020d4d2524a0, 0x0000020d4d252a48]

GC Heap History (0 events):
No events

Deoptimization events (0 events):
No events

Classes redefined (0 events):
No events

Internal exceptions (4 events):
Event: 0.029 Thread 0x0000020d4b27c000 Exception <a 'java/lang/NoSuchMethodError': Method sun.misc.Unsafe.defineClass(Ljava/lang/String;[BII)Ljava/lang/Class; name or signature does not match> (0x0000000715f87cc0) thrown at [J:\jenkins\tmp\workspace\build\src\hotspot\src\share\vm\prims\jni.cpp
Event: 0.029 Thread 0x0000020d4b27c000 Exception <a 'java/lang/NoSuchMethodError': Method sun.misc.Unsafe.prefetchRead(Ljava/lang/Object;J)V name or signature does not match> (0x0000000715f87fa8) thrown at [J:\jenkins\tmp\workspace\build\src\hotspot\src\share\vm\prims\jni.cpp, line 4014]
Event: 0.150 Thread 0x0000020d4b27c000 Exception <a 'java/io/FileNotFoundException'> (0x00000007160bdf28) thrown at [J:\jenkins\tmp\workspace\build\src\hotspot\src\share\vm\prims\jni.cpp, line 711]
Event: 0.266 Thread 0x0000020d4b27c000 Exception <a 'java/io/FileNotFoundException'> (0x00000007160d4788) thrown at [J:\jenkins\tmp\workspace\build\src\hotspot\src\share\vm\prims\jni.cpp, line 711]

Events (10 events):
Event: 0.277 loading class gnu/io/SerialPortEventListener
Event: 0.277 loading class gnu/io/SerialPortEventListener done
Event: 0.278 loading class java/util/EventListener
Event: 0.278 loading class java/util/EventListener done
Event: 0.278 loading class com/nle/ZigbeeSensorData$1
Event: 0.278 loading class com/nle/ZigbeeSensorData$1 done
Event: 0.328 loading class gnu/io/SerialPortEvent
Event: 0.328 loading class gnu/io/SerialPortEvent done
Event: 0.328 loading class java/util/EventObject
Event: 0.328 loading class java/util/EventObject done


Dynamic libraries:
0x00007ff758430000 - 0x00007ff75846a000 	C:\Program Files\Eclipse Foundation\jdk-8.0.302.8-hotspot\bin\javaw.exe
0x00007ffbbe290000 - 0x00007ffbbe485000 	C:\Windows\SYSTEM32\ntdll.dll
0x00007ffbbc350000 - 0x00007ffbbc40e000 	C:\Windows\System32\KERNEL32.DLL
0x00007ffbbc020000 - 0x00007ffbbc2e8000 	C:\Windows\System32\KERNELBASE.dll
0x00007ffbbd750000 - 0x00007ffbbd7fe000 	C:\Windows\System32\ADVAPI32.dll
0x00007ffbbce30000 - 0x00007ffbbcece000 	C:\Windows\System32\msvcrt.dll
0x00007ffbbe1b0000 - 0x00007ffbbe24c000 	C:\Windows\System32\sechost.dll
0x00007ffbbe080000 - 0x00007ffbbe1a5000 	C:\Windows\System32\RPCRT4.dll
0x00007ffbbc420000 - 0x00007ffbbc5c0000 	C:\Windows\System32\USER32.dll
0x00007ffbbbc50000 - 0x00007ffbbbc72000 	C:\Windows\System32\win32u.dll
0x00007ffbbca30000 - 0x00007ffbbca5a000 	C:\Windows\System32\GDI32.dll
0x00007ffbbbc80000 - 0x00007ffbbbd8b000 	C:\Windows\System32\gdi32full.dll
0x00007ffbbb9b0000 - 0x00007ffbbba4d000 	C:\Windows\System32\msvcp_win.dll
0x00007ffbbbb50000 - 0x00007ffbbbc50000 	C:\Windows\System32\ucrtbase.dll
0x00007ffba76c0000 - 0x00007ffba795a000 	C:\Windows\WinSxS\amd64_microsoft.windows.common-controls_6595b64144ccf1df_6.0.19041.1110_none_60b5254171f9507e\COMCTL32.dll
0x00007ffbbd820000 - 0x00007ffbbd850000 	C:\Windows\System32\IMM32.DLL
0x00007ffb4b1b0000 - 0x00007ffb4b29f000 	C:\Program Files\Eclipse Foundation\jdk-8.0.302.8-hotspot\jre\bin\msvcr120.dll
0x00007ffb4e230000 - 0x00007ffb4e2d6000 	C:\Program Files\Eclipse Foundation\jdk-8.0.302.8-hotspot\jre\bin\msvcp120.dll
0x000000006d280000 - 0x000000006daeb000 	C:\Program Files\Eclipse Foundation\jdk-8.0.302.8-hotspot\jre\bin\server\jvm.dll
0x00007ffbbcc10000 - 0x00007ffbbcc18000 	C:\Windows\System32\PSAPI.DLL
0x00007ffba6130000 - 0x00007ffba6157000 	C:\Windows\SYSTEM32\WINMM.dll
0x00007ffbb4af0000 - 0x00007ffbb4afa000 	C:\Windows\SYSTEM32\VERSION.dll
0x00007ffbb7150000 - 0x00007ffbb7159000 	C:\Windows\SYSTEM32\WSOCK32.dll
0x00007ffbbcc90000 - 0x00007ffbbccfb000 	C:\Windows\System32\WS2_32.dll
0x00007ffbb70d0000 - 0x00007ffbb70df000 	C:\Program Files\Eclipse Foundation\jdk-8.0.302.8-hotspot\jre\bin\verify.dll
0x00007ffb90a20000 - 0x00007ffb90a49000 	C:\Program Files\Eclipse Foundation\jdk-8.0.302.8-hotspot\jre\bin\java.dll
0x00007ffba4d70000 - 0x00007ffba4d86000 	C:\Program Files\Eclipse Foundation\jdk-8.0.302.8-hotspot\jre\bin\zip.dll
0x00007ffbbced0000 - 0x00007ffbbd614000 	C:\Windows\System32\SHELL32.dll
0x00007ffbb96d0000 - 0x00007ffbb9e64000 	C:\Windows\SYSTEM32\windows.storage.dll
0x00007ffbbdd20000 - 0x00007ffbbe074000 	C:\Windows\System32\combase.dll
0x00007ffbbb340000 - 0x00007ffbbb36c000 	C:\Windows\SYSTEM32\Wldp.dll
0x00007ffbbdc70000 - 0x00007ffbbdd1d000 	C:\Windows\System32\SHCORE.dll
0x00007ffbbd970000 - 0x00007ffbbd9c5000 	C:\Windows\System32\shlwapi.dll
0x00007ffbbb8f0000 - 0x00007ffbbb90f000 	C:\Windows\SYSTEM32\profapi.dll
0x0000000180000000 - 0x0000000180025000 	C:\Program Files\Eclipse Foundation\jdk-8.0.302.8-hotspot\jre\bin\rxtxSerial.dll
0x00007ffbb9f40000 - 0x00007ffbba124000 	C:\Windows\SYSTEM32\dbghelp.dll
0x00007ffbbbac0000 - 0x00007ffbbbb42000 	C:\Windows\System32\bcryptPrimitives.dll

VM Arguments:
jvm_args: -Dfile.encoding=UTF-8 
java_command: com.haohanyh.hamos.Test
java_class_path (initial): C:\Program Files\Eclipse Foundation\jdk-8.0.302.8-hotspot\jre\lib\resources.jar;C:\Program Files\Eclipse Foundation\jdk-8.0.302.8-hotspot\jre\lib\rt.jar;C:\Program Files\Eclipse Foundation\jdk-8.0.302.8-hotspot\jre\lib\jsse.jar;C:\Program Files\Eclipse Foundation\jdk-8.0.302.8-hotspot\jre\lib\jce.jar;C:\Program Files\Eclipse Foundation\jdk-8.0.302.8-hotspot\jre\lib\charsets.jar;C:\Program Files\Eclipse Foundation\jdk-8.0.302.8-hotspot\jre\lib\jfr.jar;C:\Program Files\Eclipse Foundation\jdk-8.0.302.8-hotspot\jre\lib\ext\access-bridge-64.jar;C:\Program Files\Eclipse Foundation\jdk-8.0.302.8-hotspot\jre\lib\ext\cldrdata.jar;C:\Program Files\Eclipse Foundation\jdk-8.0.302.8-hotspot\jre\lib\ext\dnsns.jar;C:\Program Files\Eclipse Foundation\jdk-8.0.302.8-hotspot\jre\lib\ext\jaccess.jar;C:\Program Files\Eclipse Foundation\jdk-8.0.302.8-hotspot\jre\lib\ext\localedata.jar;C:\Program Files\Eclipse Foundation\jdk-8.0.302.8-hotspot\jre\lib\ext\nashorn.jar;C:\Program Files\Eclipse Foundation\jdk-8.0.302.8-hotspot\jre\lib\ext\sunec.jar;C:\Program Files\Eclipse Foundation\jdk-8.0.302.8-hotspot\jre\lib\ext\sunjce_provider.jar;C:\Program Files\Eclipse Foundation\jdk-8.0.302.8-hotspot\jre\lib\ext\sunmscapi.jar;C:\Program Files\Eclipse Foundation\jdk-8.0.302.8-hotspot\jre\lib\ext\sunpkcs11.jar;C:\Program Files\Eclipse Foundation\jdk-8.0.302.8-hotspot\jre\lib\ext\zipfs.jar;D:\1108lin.xyz\Downloads\Haohanyh-HAMOS-ProjectW1\Haohanyh-HAMOS-ProjectW1-JavaEclipse\Haohanyh\bin;D:\1108lin.xyz\Downloads\Haohanyh-HAMOS-ProjectW1\Haohanyh-HAMOS-ProjectW1-JavaEclipse\Haohanyh\libs\RXTXcomm.jar;D:\1108lin.xyz\Downloads\Haohanyh-HAMOS-ProjectW1\Haohanyh-HAMOS-ProjectW1-JavaEclipse\Haohanyh\libs\SerialPortLib.jar;D:\1108lin.xyz\Downloads\Haohanyh-HAMOS-ProjectW1\Haohanyh-HAMOS-ProjectW1-JavaEclipse\Haohanyh\libs\ZigBeeSensorData1.jar
Launcher Type: SUN_STANDARD

Environment Variables:
JAVA_HOME=C:\Program Files\Java\jdk1.8.0_211
CLASSPATH=.;C:\Program Files\Java\jdk1.8.0_211\lib;C:\Program Files\Java\jdk1.8.0_211\lib\tools.jar
PATH=C:/Program Files/Eclipse Foundation/jdk-8.0.302.8-hotspot/bin/../jre/bin/server;C:/Program Files/Eclipse Foundation/jdk-8.0.302.8-hotspot/bin/../jre/bin;C:/Program Files/Eclipse Foundation/jdk-8.0.302.8-hotspot/bin/../jre/lib/amd64;C:\Program Files\Eclipse Foundation\jdk-8.0.302.8-hotspot\bin;D:\Software\VMware Workstation Pro\bin\;C:\Program Files\Eclipse Foundation\jdk-16.0.2.7-hotspot\bin;C:\Program Files (x86)\Common Files\Oracle\Java\javapath;C:\Windows\system32;C:\Windows;C:\Windows\System32\Wbem;C:\Windows\System32\WindowsPowerShell\v1.0\;C:\Windows\System32\OpenSSH\;C:\Program Files\Microsoft\Web Platform Installer\;C:\Program Files (x86)\Microsoft ASP.NET\ASP.NET Web Pages\v1.0\;C:\Program Files\Microsoft SQL Server\110\Tools\Binn\;D:\Software\mingw64\bin;C:\Program Files\dotnet\;C:\Program Files\NVIDIA Corporation\NVIDIA NvDLISR;D:\Software\QQbeta\2109470962\FileRecv\adb;C:\Program Files\Java\jdk1.8.0_211\bin;C:\Program Files\Java\jdk1.8.0_211\jre\bin;C:\Program Files\Git\cmd;C:\Users\Administrator\AppData\Local\Microsoft\WindowsApps;D:\Software\Microsoft VS Code\bin;C:\Users\Administrator\.dotnet\tools;G:\Huawei\DevEco Studio 3.0.0.800\bin;;D:\Eclipse\eclipse-SDK-4.7.1-win32-x86_64-distro-3.1.0-SNAPSHOT\eclipse;
USERNAME=WannaCry¡÷√œºŒ
OS=Windows_NT
PROCESSOR_IDENTIFIER=Intel64 Family 6 Model 158 Stepping 10, GenuineIntel



---------------  S Y S T E M  ---------------

OS: Windows 10.0 , 64 bit Build 19041 (10.0.19041.1645)

CPU:total 12 (initial active 12) (6 cores per cpu, 2 threads per core) family 6 model 158 stepping 10, cmov, cx8, fxsr, mmx, sse, sse2, sse3, ssse3, sse4.1, sse4.2, popcnt, avx, avx2, aes, clmul, erms, 3dnowpref, lzcnt, ht, tsc, tscinvbit, bmi1, bmi2, adx

Memory: 4k page, physical 33430836k(17791508k free), swap 38411572k(14479832k free)

vm_info: OpenJDK 64-Bit Server VM (25.302-b08) for windows-amd64 JRE (1.8.0_302-b08), built on Jul 20 2021 21:31:03 by "jenkins" with MS VC++ 12.0 (VS2013)

time: Mon Jun 20 00:27:57 2022
timezone: ?D1®≤°¿®∫°¡?®∫°¿??
elapsed time: 0.347174 seconds (0d 0h 0m 0s)

